<!DOCTYPE html PUBLIC "-//W3C//DTD XHTML 1.1//EN" "http://www.w3.org/TR/xhtml11/DTD/xhtml11.dtd">
<html xmlns="http://www.w3.org/1999/xhtml"><head><title>TestNG Report</title><style type="text/css">table {margin-bottom:10px;border-collapse:collapse;empty-cells:show}th,td {border:1px solid #009;padding:.25em .5em}th {vertical-align:bottom}td {vertical-align:top}table a {font-weight:bold}.stripe td {background-color: #E6EBF9}.num {text-align:right}.passedodd td {background-color: #3F3}.passedeven td {background-color: #0A0}.skippedodd td {background-color: #DDD}.skippedeven td {background-color: #CCC}.failedodd td,.attn {background-color: #F33}.failedeven td,.stripe .attn {background-color: #D00}.stacktrace {white-space:pre;font-family:monospace}.totop {font-size:85%;text-align:center;border-bottom:2px solid #000}</style></head><body><table><tr><th>Test</th><th># Passed</th><th># Skipped</th><th># Failed</th><th>Time (ms)</th><th>Included Groups</th><th>Excluded Groups</th></tr><tr><th colspan="7">P2P-FileSharingCS490</th></tr><tr><td><a href="#t0">edu.ccsu.networking.udp.TimerTest</a></td><td class="num">21</td><td class="num">0</td><td class="num attn">6</td><td class="num">215</td><td></td><td></td></tr></table><table><thead><tr><th>Class</th><th>Method</th><th>Start</th><th>Time (ms)</th></tr></thead><tbody><tr><th colspan="4">P2P-FileSharingCS490</th></tr></tbody><tbody id="t0"><tr><th colspan="4">edu.ccsu.networking.udp.TimerTest &#8212; failed</th></tr><tr class="failedeven"><td rowspan="6">edu.ccsu.networking.udp.TimerTest</td><td><a href="#m0">testGetEstimatedRTT</a></td><td rowspan="1">1460298485310</td><td rowspan="1">0</td></tr><tr class="failedeven"><td><a href="#m1">testGetSampleRTT</a></td><td rowspan="1">1460298485327</td><td rowspan="1">0</td></tr><tr class="failedeven"><td><a href="#m2">testGetStartTime</a></td><td rowspan="1">1460298485308</td><td rowspan="1">0</td></tr><tr class="failedeven"><td><a href="#m3">testStopTimer</a></td><td rowspan="1">1460298485197</td><td rowspan="1">106</td></tr><tr class="failedeven"><td><a href="#m4">testUpdateEstimatedRTT</a></td><td rowspan="1">1460298485312</td><td rowspan="1">0</td></tr><tr class="failedeven"><td><a href="#m5">testUpdateTimeOutInterval</a></td><td rowspan="1">1460298485317</td><td rowspan="1">0</td></tr><tr><th colspan="4">edu.ccsu.networking.udp.TimerTest &#8212; passed</th></tr><tr class="passedeven"><td rowspan="21">edu.ccsu.networking.udp.TimerTest</td><td><a href="#m6">testGetDevRTT</a></td><td rowspan="1">1460298485322</td><td rowspan="1">0</td></tr><tr class="passedeven"><td><a href="#m7">testGetDevRTT2</a></td><td rowspan="1">1460298485325</td><td rowspan="1">0</td></tr><tr class="passedeven"><td><a href="#m8">testGetEstimatedRTT2</a></td><td rowspan="1">1460298485314</td><td rowspan="1">1</td></tr><tr class="passedeven"><td><a href="#m9">testGetSampleRTT2</a></td><td rowspan="1">1460298485324</td><td rowspan="1">0</td></tr><tr class="passedeven"><td><a href="#m10">testGetSampleRTT3</a></td><td rowspan="1">1460298485324</td><td rowspan="1">0</td></tr><tr class="passedeven"><td><a href="#m11">testGetTimeOutInterval</a></td><td rowspan="1">1460298485323</td><td rowspan="1">0</td></tr><tr class="passedeven"><td><a href="#m12">testGetTimeOutInterval2</a></td><td rowspan="1">1460298485323</td><td rowspan="1">0</td></tr><tr class="passedeven"><td><a href="#m13">testLongToInt</a></td><td rowspan="1">1460298485320</td><td rowspan="1">1</td></tr><tr class="passedeven"><td><a href="#m14">testLongToInt2</a></td><td rowspan="1">1460298485307</td><td rowspan="1">1</td></tr><tr class="passedeven"><td><a href="#m15">testSetDevRTT</a></td><td rowspan="1">1460298485322</td><td rowspan="1">0</td></tr><tr class="passedeven"><td><a href="#m16">testSetEstimatedRTT</a></td><td rowspan="1">1460298485316</td><td rowspan="1">1</td></tr><tr class="passedeven"><td><a href="#m17">testSetEstimatedRTT2</a></td><td rowspan="1">1460298485325</td><td rowspan="1">1</td></tr><tr class="passedeven"><td><a href="#m18">testSetSampleRTT</a></td><td rowspan="1">1460298485311</td><td rowspan="1">1</td></tr><tr class="passedeven"><td><a href="#m19">testSetTimeOutInterval</a></td><td rowspan="1">1460298485306</td><td rowspan="1">1</td></tr><tr class="passedeven"><td><a href="#m20">testSetTimeOutInterval2</a></td><td rowspan="1">1460298485315</td><td rowspan="1">1</td></tr><tr class="passedeven"><td><a href="#m21">testStartTimer</a></td><td rowspan="1">1460298485326</td><td rowspan="1">1</td></tr><tr class="passedeven"><td><a href="#m22">testTimerTimeOut</a></td><td rowspan="1">1460298485307</td><td rowspan="1">0</td></tr><tr class="passedeven"><td><a href="#m23">testUpdateDevRTT</a></td><td rowspan="1">1460298485315</td><td rowspan="1">0</td></tr><tr class="passedeven"><td><a href="#m24">testUpdateDevRTT2</a></td><td rowspan="1">1460298485326</td><td rowspan="1">0</td></tr><tr class="passedeven"><td><a href="#m25">testUpdateEstimatedRTT2</a></td><td rowspan="1">1460298485316</td><td rowspan="1">0</td></tr><tr class="passedeven"><td><a href="#m26">testUpdateTimeOutInterval2</a></td><td rowspan="1">1460298485319</td><td rowspan="1">0</td></tr></tbody></table><h2>edu.ccsu.networking.udp.TimerTest</h2><h3 id="m0">edu.ccsu.networking.udp.TimerTest#testGetEstimatedRTT</h3><table class="result"><tr><th>Exception</th></tr><tr><td><div class="stacktrace">java.lang.AssertionError: expected:&lt;2000&gt; but was:&lt;900&gt;
	at org.junit.Assert.fail(Assert.java:88)
	at org.junit.Assert.failNotEquals(Assert.java:834)
	at org.junit.Assert.assertEquals(Assert.java:645)
	at org.junit.Assert.assertEquals(Assert.java:631)
	at edu.ccsu.networking.udp.TimerTest.testGetEstimatedRTT(TimerTest.java:220)
	at org.junit.runners.model.FrameworkMethod$1.runReflectiveCall(FrameworkMethod.java:50)
	at org.junit.internal.runners.model.ReflectiveCallable.run(ReflectiveCallable.java:12)
	at org.junit.runners.model.FrameworkMethod.invokeExplosively(FrameworkMethod.java:47)
	at org.junit.internal.runners.statements.InvokeMethod.evaluate(InvokeMethod.java:17)
	at org.junit.internal.runners.statements.RunBefores.evaluate(RunBefores.java:26)
	at org.junit.internal.runners.statements.RunAfters.evaluate(RunAfters.java:27)
	at org.junit.runners.ParentRunner.runLeaf(ParentRunner.java:325)
	at org.junit.runners.BlockJUnit4ClassRunner.runChild(BlockJUnit4ClassRunner.java:78)
	at org.junit.runners.BlockJUnit4ClassRunner.runChild(BlockJUnit4ClassRunner.java:57)
	at org.junit.runners.ParentRunner$3.run(ParentRunner.java:290)
	at org.junit.runners.ParentRunner$1.schedule(ParentRunner.java:71)
	at org.junit.runners.ParentRunner.runChildren(ParentRunner.java:288)
	at org.junit.runners.ParentRunner.access$000(ParentRunner.java:58)
	at org.junit.runners.ParentRunner$2.evaluate(ParentRunner.java:268)
	at org.junit.internal.runners.statements.RunBefores.evaluate(RunBefores.java:26)
	at org.junit.internal.runners.statements.RunAfters.evaluate(RunAfters.java:27)
	at org.junit.runners.ParentRunner.run(ParentRunner.java:363)
	at org.junit.runner.JUnitCore.run(JUnitCore.java:137)
	at org.junit.runner.JUnitCore.run(JUnitCore.java:115)
... Removed 21 stack frames</div></td></tr></table><p class="totop"><a href="#summary">back to summary</a></p><h3 id="m1">edu.ccsu.networking.udp.TimerTest#testGetSampleRTT</h3><table class="result"><tr><th>Exception</th></tr><tr><td><div class="stacktrace">java.lang.AssertionError: expected:&lt;2000&gt; but was:&lt;900&gt;
	at org.junit.Assert.fail(Assert.java:88)
	at org.junit.Assert.failNotEquals(Assert.java:834)
	at org.junit.Assert.assertEquals(Assert.java:645)
	at org.junit.Assert.assertEquals(Assert.java:631)
	at edu.ccsu.networking.udp.TimerTest.testGetSampleRTT(TimerTest.java:168)
	at org.junit.runners.model.FrameworkMethod$1.runReflectiveCall(FrameworkMethod.java:50)
	at org.junit.internal.runners.model.ReflectiveCallable.run(ReflectiveCallable.java:12)
	at org.junit.runners.model.FrameworkMethod.invokeExplosively(FrameworkMethod.java:47)
	at org.junit.internal.runners.statements.InvokeMethod.evaluate(InvokeMethod.java:17)
	at org.junit.internal.runners.statements.RunBefores.evaluate(RunBefores.java:26)
	at org.junit.internal.runners.statements.RunAfters.evaluate(RunAfters.java:27)
	at org.junit.runners.ParentRunner.runLeaf(ParentRunner.java:325)
	at org.junit.runners.BlockJUnit4ClassRunner.runChild(BlockJUnit4ClassRunner.java:78)
	at org.junit.runners.BlockJUnit4ClassRunner.runChild(BlockJUnit4ClassRunner.java:57)
	at org.junit.runners.ParentRunner$3.run(ParentRunner.java:290)
	at org.junit.runners.ParentRunner$1.schedule(ParentRunner.java:71)
	at org.junit.runners.ParentRunner.runChildren(ParentRunner.java:288)
	at org.junit.runners.ParentRunner.access$000(ParentRunner.java:58)
	at org.junit.runners.ParentRunner$2.evaluate(ParentRunner.java:268)
	at org.junit.internal.runners.statements.RunBefores.evaluate(RunBefores.java:26)
	at org.junit.internal.runners.statements.RunAfters.evaluate(RunAfters.java:27)
	at org.junit.runners.ParentRunner.run(ParentRunner.java:363)
	at org.junit.runner.JUnitCore.run(JUnitCore.java:137)
	at org.junit.runner.JUnitCore.run(JUnitCore.java:115)
... Removed 21 stack frames</div></td></tr></table><p class="totop"><a href="#summary">back to summary</a></p><h3 id="m2">edu.ccsu.networking.udp.TimerTest#testGetStartTime</h3><table class="result"><tr><th>Exception</th></tr><tr><td><div class="stacktrace">java.lang.AssertionError: The test case is a prototype.
	at org.junit.Assert.fail(Assert.java:88)
	at edu.ccsu.networking.udp.TimerTest.testGetStartTime(TimerTest.java:344)
	at org.junit.runners.model.FrameworkMethod$1.runReflectiveCall(FrameworkMethod.java:50)
	at org.junit.internal.runners.model.ReflectiveCallable.run(ReflectiveCallable.java:12)
	at org.junit.runners.model.FrameworkMethod.invokeExplosively(FrameworkMethod.java:47)
	at org.junit.internal.runners.statements.InvokeMethod.evaluate(InvokeMethod.java:17)
	at org.junit.internal.runners.statements.RunBefores.evaluate(RunBefores.java:26)
	at org.junit.internal.runners.statements.RunAfters.evaluate(RunAfters.java:27)
	at org.junit.runners.ParentRunner.runLeaf(ParentRunner.java:325)
	at org.junit.runners.BlockJUnit4ClassRunner.runChild(BlockJUnit4ClassRunner.java:78)
	at org.junit.runners.BlockJUnit4ClassRunner.runChild(BlockJUnit4ClassRunner.java:57)
	at org.junit.runners.ParentRunner$3.run(ParentRunner.java:290)
	at org.junit.runners.ParentRunner$1.schedule(ParentRunner.java:71)
	at org.junit.runners.ParentRunner.runChildren(ParentRunner.java:288)
	at org.junit.runners.ParentRunner.access$000(ParentRunner.java:58)
	at org.junit.runners.ParentRunner$2.evaluate(ParentRunner.java:268)
	at org.junit.internal.runners.statements.RunBefores.evaluate(RunBefores.java:26)
	at org.junit.internal.runners.statements.RunAfters.evaluate(RunAfters.java:27)
	at org.junit.runners.ParentRunner.run(ParentRunner.java:363)
	at org.junit.runner.JUnitCore.run(JUnitCore.java:137)
	at org.junit.runner.JUnitCore.run(JUnitCore.java:115)
... Removed 21 stack frames</div></td></tr></table><p class="totop"><a href="#summary">back to summary</a></p><h3 id="m3">edu.ccsu.networking.udp.TimerTest#testStopTimer</h3><table class="result"><tr><th>Exception</th></tr><tr><td><div class="stacktrace">java.lang.AssertionError: expected:&lt;100&gt; but was:&lt;102&gt;
	at org.junit.Assert.fail(Assert.java:88)
	at org.junit.Assert.failNotEquals(Assert.java:834)
	at org.junit.Assert.assertEquals(Assert.java:645)
	at org.junit.Assert.assertEquals(Assert.java:631)
	at edu.ccsu.networking.udp.TimerTest.testStopTimer(TimerTest.java:313)
	at org.junit.runners.model.FrameworkMethod$1.runReflectiveCall(FrameworkMethod.java:50)
	at org.junit.internal.runners.model.ReflectiveCallable.run(ReflectiveCallable.java:12)
	at org.junit.runners.model.FrameworkMethod.invokeExplosively(FrameworkMethod.java:47)
	at org.junit.internal.runners.statements.InvokeMethod.evaluate(InvokeMethod.java:17)
	at org.junit.internal.runners.statements.RunBefores.evaluate(RunBefores.java:26)
	at org.junit.internal.runners.statements.RunAfters.evaluate(RunAfters.java:27)
	at org.junit.runners.ParentRunner.runLeaf(ParentRunner.java:325)
	at org.junit.runners.BlockJUnit4ClassRunner.runChild(BlockJUnit4ClassRunner.java:78)
	at org.junit.runners.BlockJUnit4ClassRunner.runChild(BlockJUnit4ClassRunner.java:57)
	at org.junit.runners.ParentRunner$3.run(ParentRunner.java:290)
	at org.junit.runners.ParentRunner$1.schedule(ParentRunner.java:71)
	at org.junit.runners.ParentRunner.runChildren(ParentRunner.java:288)
	at org.junit.runners.ParentRunner.access$000(ParentRunner.java:58)
	at org.junit.runners.ParentRunner$2.evaluate(ParentRunner.java:268)
	at org.junit.internal.runners.statements.RunBefores.evaluate(RunBefores.java:26)
	at org.junit.internal.runners.statements.RunAfters.evaluate(RunAfters.java:27)
	at org.junit.runners.ParentRunner.run(ParentRunner.java:363)
	at org.junit.runner.JUnitCore.run(JUnitCore.java:137)
	at org.junit.runner.JUnitCore.run(JUnitCore.java:115)
... Removed 21 stack frames</div></td></tr></table><p class="totop"><a href="#summary">back to summary</a></p><h3 id="m4">edu.ccsu.networking.udp.TimerTest#testUpdateEstimatedRTT</h3><table class="result"><tr><th>Exception</th></tr><tr><td><div class="stacktrace">java.lang.AssertionError: expected:&lt;2000&gt; but was:&lt;900&gt;
	at org.junit.Assert.fail(Assert.java:88)
	at org.junit.Assert.failNotEquals(Assert.java:834)
	at org.junit.Assert.assertEquals(Assert.java:645)
	at org.junit.Assert.assertEquals(Assert.java:631)
	at edu.ccsu.networking.udp.TimerTest.testUpdateEstimatedRTT(TimerTest.java:105)
	at org.junit.runners.model.FrameworkMethod$1.runReflectiveCall(FrameworkMethod.java:50)
	at org.junit.internal.runners.model.ReflectiveCallable.run(ReflectiveCallable.java:12)
	at org.junit.runners.model.FrameworkMethod.invokeExplosively(FrameworkMethod.java:47)
	at org.junit.internal.runners.statements.InvokeMethod.evaluate(InvokeMethod.java:17)
	at org.junit.internal.runners.statements.RunBefores.evaluate(RunBefores.java:26)
	at org.junit.internal.runners.statements.RunAfters.evaluate(RunAfters.java:27)
	at org.junit.runners.ParentRunner.runLeaf(ParentRunner.java:325)
	at org.junit.runners.BlockJUnit4ClassRunner.runChild(BlockJUnit4ClassRunner.java:78)
	at org.junit.runners.BlockJUnit4ClassRunner.runChild(BlockJUnit4ClassRunner.java:57)
	at org.junit.runners.ParentRunner$3.run(ParentRunner.java:290)
	at org.junit.runners.ParentRunner$1.schedule(ParentRunner.java:71)
	at org.junit.runners.ParentRunner.runChildren(ParentRunner.java:288)
	at org.junit.runners.ParentRunner.access$000(ParentRunner.java:58)
	at org.junit.runners.ParentRunner$2.evaluate(ParentRunner.java:268)
	at org.junit.internal.runners.statements.RunBefores.evaluate(RunBefores.java:26)
	at org.junit.internal.runners.statements.RunAfters.evaluate(RunAfters.java:27)
	at org.junit.runners.ParentRunner.run(ParentRunner.java:363)
	at org.junit.runner.JUnitCore.run(JUnitCore.java:137)
	at org.junit.runner.JUnitCore.run(JUnitCore.java:115)
... Removed 21 stack frames</div></td></tr></table><p class="totop"><a href="#summary">back to summary</a></p><h3 id="m5">edu.ccsu.networking.udp.TimerTest#testUpdateTimeOutInterval</h3><table class="result"><tr><th>Exception</th></tr><tr><td><div class="stacktrace">java.lang.AssertionError: expected:&lt;2000&gt; but was:&lt;900&gt;
	at org.junit.Assert.fail(Assert.java:88)
	at org.junit.Assert.failNotEquals(Assert.java:834)
	at org.junit.Assert.assertEquals(Assert.java:645)
	at org.junit.Assert.assertEquals(Assert.java:631)
	at edu.ccsu.networking.udp.TimerTest.testUpdateTimeOutInterval(TimerTest.java:58)
	at org.junit.runners.model.FrameworkMethod$1.runReflectiveCall(FrameworkMethod.java:50)
	at org.junit.internal.runners.model.ReflectiveCallable.run(ReflectiveCallable.java:12)
	at org.junit.runners.model.FrameworkMethod.invokeExplosively(FrameworkMethod.java:47)
	at org.junit.internal.runners.statements.InvokeMethod.evaluate(InvokeMethod.java:17)
	at org.junit.internal.runners.statements.RunBefores.evaluate(RunBefores.java:26)
	at org.junit.internal.runners.statements.RunAfters.evaluate(RunAfters.java:27)
	at org.junit.runners.ParentRunner.runLeaf(ParentRunner.java:325)
	at org.junit.runners.BlockJUnit4ClassRunner.runChild(BlockJUnit4ClassRunner.java:78)
	at org.junit.runners.BlockJUnit4ClassRunner.runChild(BlockJUnit4ClassRunner.java:57)
	at org.junit.runners.ParentRunner$3.run(ParentRunner.java:290)
	at org.junit.runners.ParentRunner$1.schedule(ParentRunner.java:71)
	at org.junit.runners.ParentRunner.runChildren(ParentRunner.java:288)
	at org.junit.runners.ParentRunner.access$000(ParentRunner.java:58)
	at org.junit.runners.ParentRunner$2.evaluate(ParentRunner.java:268)
	at org.junit.internal.runners.statements.RunBefores.evaluate(RunBefores.java:26)
	at org.junit.internal.runners.statements.RunAfters.evaluate(RunAfters.java:27)
	at org.junit.runners.ParentRunner.run(ParentRunner.java:363)
	at org.junit.runner.JUnitCore.run(JUnitCore.java:137)
	at org.junit.runner.JUnitCore.run(JUnitCore.java:115)
... Removed 21 stack frames</div></td></tr></table><p class="totop"><a href="#summary">back to summary</a></p><h3 id="m6">edu.ccsu.networking.udp.TimerTest#testGetDevRTT</h3><table class="result"></table><p class="totop"><a href="#summary">back to summary</a></p><h3 id="m7">edu.ccsu.networking.udp.TimerTest#testGetDevRTT2</h3><table class="result"></table><p class="totop"><a href="#summary">back to summary</a></p><h3 id="m8">edu.ccsu.networking.udp.TimerTest#testGetEstimatedRTT2</h3><table class="result"></table><p class="totop"><a href="#summary">back to summary</a></p><h3 id="m9">edu.ccsu.networking.udp.TimerTest#testGetSampleRTT2</h3><table class="result"></table><p class="totop"><a href="#summary">back to summary</a></p><h3 id="m10">edu.ccsu.networking.udp.TimerTest#testGetSampleRTT3</h3><table class="result"></table><p class="totop"><a href="#summary">back to summary</a></p><h3 id="m11">edu.ccsu.networking.udp.TimerTest#testGetTimeOutInterval</h3><table class="result"></table><p class="totop"><a href="#summary">back to summary</a></p><h3 id="m12">edu.ccsu.networking.udp.TimerTest#testGetTimeOutInterval2</h3><table class="result"></table><p class="totop"><a href="#summary">back to summary</a></p><h3 id="m13">edu.ccsu.networking.udp.TimerTest#testLongToInt</h3><table class="result"></table><p class="totop"><a href="#summary">back to summary</a></p><h3 id="m14">edu.ccsu.networking.udp.TimerTest#testLongToInt2</h3><table class="result"></table><p class="totop"><a href="#summary">back to summary</a></p><h3 id="m15">edu.ccsu.networking.udp.TimerTest#testSetDevRTT</h3><table class="result"></table><p class="totop"><a href="#summary">back to summary</a></p><h3 id="m16">edu.ccsu.networking.udp.TimerTest#testSetEstimatedRTT</h3><table class="result"></table><p class="totop"><a href="#summary">back to summary</a></p><h3 id="m17">edu.ccsu.networking.udp.TimerTest#testSetEstimatedRTT2</h3><table class="result"></table><p class="totop"><a href="#summary">back to summary</a></p><h3 id="m18">edu.ccsu.networking.udp.TimerTest#testSetSampleRTT</h3><table class="result"></table><p class="totop"><a href="#summary">back to summary</a></p><h3 id="m19">edu.ccsu.networking.udp.TimerTest#testSetTimeOutInterval</h3><table class="result"></table><p class="totop"><a href="#summary">back to summary</a></p><h3 id="m20">edu.ccsu.networking.udp.TimerTest#testSetTimeOutInterval2</h3><table class="result"></table><p class="totop"><a href="#summary">back to summary</a></p><h3 id="m21">edu.ccsu.networking.udp.TimerTest#testStartTimer</h3><table class="result"></table><p class="totop"><a href="#summary">back to summary</a></p><h3 id="m22">edu.ccsu.networking.udp.TimerTest#testTimerTimeOut</h3><table class="result"></table><p class="totop"><a href="#summary">back to summary</a></p><h3 id="m23">edu.ccsu.networking.udp.TimerTest#testUpdateDevRTT</h3><table class="result"></table><p class="totop"><a href="#summary">back to summary</a></p><h3 id="m24">edu.ccsu.networking.udp.TimerTest#testUpdateDevRTT2</h3><table class="result"></table><p class="totop"><a href="#summary">back to summary</a></p><h3 id="m25">edu.ccsu.networking.udp.TimerTest#testUpdateEstimatedRTT2</h3><table class="result"></table><p class="totop"><a href="#summary">back to summary</a></p><h3 id="m26">edu.ccsu.networking.udp.TimerTest#testUpdateTimeOutInterval2</h3><table class="result"></table><p class="totop"><a href="#summary">back to summary</a></p></body></html>