<?xml version="1.0" encoding="UTF-8"?>
<!-- Generated by org.testng.reporters.JUnitXMLReporter -->
<testsuite hostname="Mac.local" name="edu.ccsu.networking.udp.TimerTest" tests="27" failures="6" timestamp="10 Apr 2016 14:28:05 GMT" time="0.215" errors="0">
  <testcase name="testStopTimer on testStopTimer(edu.ccsu.networking.udp.TimerTest)" time="0.106" classname="edu.ccsu.networking.udp.TimerTest">
    <failure type="java.lang.AssertionError" message="expected:&amp;lt;100&amp;gt; but was:&amp;lt;102&amp;gt;">
      <![CDATA[java.lang.AssertionError: expected:<100> but was:<102>
	at org.junit.Assert.fail(Assert.java:88)
	at org.junit.Assert.failNotEquals(Assert.java:834)
	at org.junit.Assert.assertEquals(Assert.java:645)
	at org.junit.Assert.assertEquals(Assert.java:631)
	at edu.ccsu.networking.udp.TimerTest.testStopTimer(TimerTest.java:313)
	at org.junit.runners.model.FrameworkMethod$1.runReflectiveCall(FrameworkMethod.java:50)
	at org.junit.internal.runners.model.ReflectiveCallable.run(ReflectiveCallable.java:12)
	at org.junit.runners.model.FrameworkMethod.invokeExplosively(FrameworkMethod.java:47)
	at org.junit.internal.runners.statements.InvokeMethod.evaluate(InvokeMethod.java:17)
	at org.junit.internal.runners.statements.RunBefores.evaluate(RunBefores.java:26)
	at org.junit.internal.runners.statements.RunAfters.evaluate(RunAfters.java:27)
	at org.junit.runners.ParentRunner.runLeaf(ParentRunner.java:325)
	at org.junit.runners.BlockJUnit4ClassRunner.runChild(BlockJUnit4ClassRunner.java:78)
	at org.junit.runners.BlockJUnit4ClassRunner.runChild(BlockJUnit4ClassRunner.java:57)
	at org.junit.runners.ParentRunner$3.run(ParentRunner.java:290)
	at org.junit.runners.ParentRunner$1.schedule(ParentRunner.java:71)
	at org.junit.runners.ParentRunner.runChildren(ParentRunner.java:288)
	at org.junit.runners.ParentRunner.access$000(ParentRunner.java:58)
	at org.junit.runners.ParentRunner$2.evaluate(ParentRunner.java:268)
	at org.junit.internal.runners.statements.RunBefores.evaluate(RunBefores.java:26)
	at org.junit.internal.runners.statements.RunAfters.evaluate(RunAfters.java:27)
	at org.junit.runners.ParentRunner.run(ParentRunner.java:363)
	at org.junit.runner.JUnitCore.run(JUnitCore.java:137)
	at org.junit.runner.JUnitCore.run(JUnitCore.java:115)
... Removed 21 stack frames]]>
    </failure>
  </testcase> <!-- testStopTimer on testStopTimer(edu.ccsu.networking.udp.TimerTest) -->
  <testcase name="testSetTimeOutInterval on testSetTimeOutInterval(edu.ccsu.networking.udp.TimerTest)" time="0.001" classname="edu.ccsu.networking.udp.TimerTest"/>
  <testcase name="testTimerTimeOut on testTimerTimeOut(edu.ccsu.networking.udp.TimerTest)" time="0.0" classname="edu.ccsu.networking.udp.TimerTest"/>
  <testcase name="testLongToInt2 on testLongToInt2(edu.ccsu.networking.udp.TimerTest)" time="0.001" classname="edu.ccsu.networking.udp.TimerTest"/>
  <testcase name="testGetStartTime on testGetStartTime(edu.ccsu.networking.udp.TimerTest)" time="0.0" classname="edu.ccsu.networking.udp.TimerTest">
    <failure type="java.lang.AssertionError" message="The test case is a prototype.">
      <![CDATA[java.lang.AssertionError: The test case is a prototype.
	at org.junit.Assert.fail(Assert.java:88)
	at edu.ccsu.networking.udp.TimerTest.testGetStartTime(TimerTest.java:344)
	at org.junit.runners.model.FrameworkMethod$1.runReflectiveCall(FrameworkMethod.java:50)
	at org.junit.internal.runners.model.ReflectiveCallable.run(ReflectiveCallable.java:12)
	at org.junit.runners.model.FrameworkMethod.invokeExplosively(FrameworkMethod.java:47)
	at org.junit.internal.runners.statements.InvokeMethod.evaluate(InvokeMethod.java:17)
	at org.junit.internal.runners.statements.RunBefores.evaluate(RunBefores.java:26)
	at org.junit.internal.runners.statements.RunAfters.evaluate(RunAfters.java:27)
	at org.junit.runners.ParentRunner.runLeaf(ParentRunner.java:325)
	at org.junit.runners.BlockJUnit4ClassRunner.runChild(BlockJUnit4ClassRunner.java:78)
	at org.junit.runners.BlockJUnit4ClassRunner.runChild(BlockJUnit4ClassRunner.java:57)
	at org.junit.runners.ParentRunner$3.run(ParentRunner.java:290)
	at org.junit.runners.ParentRunner$1.schedule(ParentRunner.java:71)
	at org.junit.runners.ParentRunner.runChildren(ParentRunner.java:288)
	at org.junit.runners.ParentRunner.access$000(ParentRunner.java:58)
	at org.junit.runners.ParentRunner$2.evaluate(ParentRunner.java:268)
	at org.junit.internal.runners.statements.RunBefores.evaluate(RunBefores.java:26)
	at org.junit.internal.runners.statements.RunAfters.evaluate(RunAfters.java:27)
	at org.junit.runners.ParentRunner.run(ParentRunner.java:363)
	at org.junit.runner.JUnitCore.run(JUnitCore.java:137)
	at org.junit.runner.JUnitCore.run(JUnitCore.java:115)
... Removed 21 stack frames]]>
    </failure>
  </testcase> <!-- testGetStartTime on testGetStartTime(edu.ccsu.networking.udp.TimerTest) -->
  <testcase name="testGetEstimatedRTT on testGetEstimatedRTT(edu.ccsu.networking.udp.TimerTest)" time="0.0" classname="edu.ccsu.networking.udp.TimerTest">
    <failure type="java.lang.AssertionError" message="expected:&amp;lt;2000&amp;gt; but was:&amp;lt;900&amp;gt;">
      <![CDATA[java.lang.AssertionError: expected:<2000> but was:<900>
	at org.junit.Assert.fail(Assert.java:88)
	at org.junit.Assert.failNotEquals(Assert.java:834)
	at org.junit.Assert.assertEquals(Assert.java:645)
	at org.junit.Assert.assertEquals(Assert.java:631)
	at edu.ccsu.networking.udp.TimerTest.testGetEstimatedRTT(TimerTest.java:220)
	at org.junit.runners.model.FrameworkMethod$1.runReflectiveCall(FrameworkMethod.java:50)
	at org.junit.internal.runners.model.ReflectiveCallable.run(ReflectiveCallable.java:12)
	at org.junit.runners.model.FrameworkMethod.invokeExplosively(FrameworkMethod.java:47)
	at org.junit.internal.runners.statements.InvokeMethod.evaluate(InvokeMethod.java:17)
	at org.junit.internal.runners.statements.RunBefores.evaluate(RunBefores.java:26)
	at org.junit.internal.runners.statements.RunAfters.evaluate(RunAfters.java:27)
	at org.junit.runners.ParentRunner.runLeaf(ParentRunner.java:325)
	at org.junit.runners.BlockJUnit4ClassRunner.runChild(BlockJUnit4ClassRunner.java:78)
	at org.junit.runners.BlockJUnit4ClassRunner.runChild(BlockJUnit4ClassRunner.java:57)
	at org.junit.runners.ParentRunner$3.run(ParentRunner.java:290)
	at org.junit.runners.ParentRunner$1.schedule(ParentRunner.java:71)
	at org.junit.runners.ParentRunner.runChildren(ParentRunner.java:288)
	at org.junit.runners.ParentRunner.access$000(ParentRunner.java:58)
	at org.junit.runners.ParentRunner$2.evaluate(ParentRunner.java:268)
	at org.junit.internal.runners.statements.RunBefores.evaluate(RunBefores.java:26)
	at org.junit.internal.runners.statements.RunAfters.evaluate(RunAfters.java:27)
	at org.junit.runners.ParentRunner.run(ParentRunner.java:363)
	at org.junit.runner.JUnitCore.run(JUnitCore.java:137)
	at org.junit.runner.JUnitCore.run(JUnitCore.java:115)
... Removed 21 stack frames]]>
    </failure>
  </testcase> <!-- testGetEstimatedRTT on testGetEstimatedRTT(edu.ccsu.networking.udp.TimerTest) -->
  <testcase name="testSetSampleRTT on testSetSampleRTT(edu.ccsu.networking.udp.TimerTest)" time="0.001" classname="edu.ccsu.networking.udp.TimerTest"/>
  <testcase name="testUpdateEstimatedRTT on testUpdateEstimatedRTT(edu.ccsu.networking.udp.TimerTest)" time="0.0" classname="edu.ccsu.networking.udp.TimerTest">
    <failure type="java.lang.AssertionError" message="expected:&amp;lt;2000&amp;gt; but was:&amp;lt;900&amp;gt;">
      <![CDATA[java.lang.AssertionError: expected:<2000> but was:<900>
	at org.junit.Assert.fail(Assert.java:88)
	at org.junit.Assert.failNotEquals(Assert.java:834)
	at org.junit.Assert.assertEquals(Assert.java:645)
	at org.junit.Assert.assertEquals(Assert.java:631)
	at edu.ccsu.networking.udp.TimerTest.testUpdateEstimatedRTT(TimerTest.java:105)
	at org.junit.runners.model.FrameworkMethod$1.runReflectiveCall(FrameworkMethod.java:50)
	at org.junit.internal.runners.model.ReflectiveCallable.run(ReflectiveCallable.java:12)
	at org.junit.runners.model.FrameworkMethod.invokeExplosively(FrameworkMethod.java:47)
	at org.junit.internal.runners.statements.InvokeMethod.evaluate(InvokeMethod.java:17)
	at org.junit.internal.runners.statements.RunBefores.evaluate(RunBefores.java:26)
	at org.junit.internal.runners.statements.RunAfters.evaluate(RunAfters.java:27)
	at org.junit.runners.ParentRunner.runLeaf(ParentRunner.java:325)
	at org.junit.runners.BlockJUnit4ClassRunner.runChild(BlockJUnit4ClassRunner.java:78)
	at org.junit.runners.BlockJUnit4ClassRunner.runChild(BlockJUnit4ClassRunner.java:57)
	at org.junit.runners.ParentRunner$3.run(ParentRunner.java:290)
	at org.junit.runners.ParentRunner$1.schedule(ParentRunner.java:71)
	at org.junit.runners.ParentRunner.runChildren(ParentRunner.java:288)
	at org.junit.runners.ParentRunner.access$000(ParentRunner.java:58)
	at org.junit.runners.ParentRunner$2.evaluate(ParentRunner.java:268)
	at org.junit.internal.runners.statements.RunBefores.evaluate(RunBefores.java:26)
	at org.junit.internal.runners.statements.RunAfters.evaluate(RunAfters.java:27)
	at org.junit.runners.ParentRunner.run(ParentRunner.java:363)
	at org.junit.runner.JUnitCore.run(JUnitCore.java:137)
	at org.junit.runner.JUnitCore.run(JUnitCore.java:115)
... Removed 21 stack frames]]>
    </failure>
  </testcase> <!-- testUpdateEstimatedRTT on testUpdateEstimatedRTT(edu.ccsu.networking.udp.TimerTest) -->
  <testcase name="testGetEstimatedRTT2 on testGetEstimatedRTT2(edu.ccsu.networking.udp.TimerTest)" time="0.001" classname="edu.ccsu.networking.udp.TimerTest"/>
  <testcase name="testUpdateDevRTT on testUpdateDevRTT(edu.ccsu.networking.udp.TimerTest)" time="0.0" classname="edu.ccsu.networking.udp.TimerTest"/>
  <testcase name="testSetTimeOutInterval2 on testSetTimeOutInterval2(edu.ccsu.networking.udp.TimerTest)" time="0.001" classname="edu.ccsu.networking.udp.TimerTest"/>
  <testcase name="testUpdateEstimatedRTT2 on testUpdateEstimatedRTT2(edu.ccsu.networking.udp.TimerTest)" time="0.0" classname="edu.ccsu.networking.udp.TimerTest"/>
  <testcase name="testSetEstimatedRTT on testSetEstimatedRTT(edu.ccsu.networking.udp.TimerTest)" time="0.001" classname="edu.ccsu.networking.udp.TimerTest"/>
  <testcase name="testUpdateTimeOutInterval on testUpdateTimeOutInterval(edu.ccsu.networking.udp.TimerTest)" time="0.0" classname="edu.ccsu.networking.udp.TimerTest">
    <failure type="java.lang.AssertionError" message="expected:&amp;lt;2000&amp;gt; but was:&amp;lt;900&amp;gt;">
      <![CDATA[java.lang.AssertionError: expected:<2000> but was:<900>
	at org.junit.Assert.fail(Assert.java:88)
	at org.junit.Assert.failNotEquals(Assert.java:834)
	at org.junit.Assert.assertEquals(Assert.java:645)
	at org.junit.Assert.assertEquals(Assert.java:631)
	at edu.ccsu.networking.udp.TimerTest.testUpdateTimeOutInterval(TimerTest.java:58)
	at org.junit.runners.model.FrameworkMethod$1.runReflectiveCall(FrameworkMethod.java:50)
	at org.junit.internal.runners.model.ReflectiveCallable.run(ReflectiveCallable.java:12)
	at org.junit.runners.model.FrameworkMethod.invokeExplosively(FrameworkMethod.java:47)
	at org.junit.internal.runners.statements.InvokeMethod.evaluate(InvokeMethod.java:17)
	at org.junit.internal.runners.statements.RunBefores.evaluate(RunBefores.java:26)
	at org.junit.internal.runners.statements.RunAfters.evaluate(RunAfters.java:27)
	at org.junit.runners.ParentRunner.runLeaf(ParentRunner.java:325)
	at org.junit.runners.BlockJUnit4ClassRunner.runChild(BlockJUnit4ClassRunner.java:78)
	at org.junit.runners.BlockJUnit4ClassRunner.runChild(BlockJUnit4ClassRunner.java:57)
	at org.junit.runners.ParentRunner$3.run(ParentRunner.java:290)
	at org.junit.runners.ParentRunner$1.schedule(ParentRunner.java:71)
	at org.junit.runners.ParentRunner.runChildren(ParentRunner.java:288)
	at org.junit.runners.ParentRunner.access$000(ParentRunner.java:58)
	at org.junit.runners.ParentRunner$2.evaluate(ParentRunner.java:268)
	at org.junit.internal.runners.statements.RunBefores.evaluate(RunBefores.java:26)
	at org.junit.internal.runners.statements.RunAfters.evaluate(RunAfters.java:27)
	at org.junit.runners.ParentRunner.run(ParentRunner.java:363)
	at org.junit.runner.JUnitCore.run(JUnitCore.java:137)
	at org.junit.runner.JUnitCore.run(JUnitCore.java:115)
... Removed 21 stack frames]]>
    </failure>
  </testcase> <!-- testUpdateTimeOutInterval on testUpdateTimeOutInterval(edu.ccsu.networking.udp.TimerTest) -->
  <testcase name="testUpdateTimeOutInterval2 on testUpdateTimeOutInterval2(edu.ccsu.networking.udp.TimerTest)" time="0.0" classname="edu.ccsu.networking.udp.TimerTest"/>
  <testcase name="testLongToInt on testLongToInt(edu.ccsu.networking.udp.TimerTest)" time="0.001" classname="edu.ccsu.networking.udp.TimerTest"/>
  <testcase name="testSetDevRTT on testSetDevRTT(edu.ccsu.networking.udp.TimerTest)" time="0.0" classname="edu.ccsu.networking.udp.TimerTest"/>
  <testcase name="testGetDevRTT on testGetDevRTT(edu.ccsu.networking.udp.TimerTest)" time="0.0" classname="edu.ccsu.networking.udp.TimerTest"/>
  <testcase name="testGetTimeOutInterval2 on testGetTimeOutInterval2(edu.ccsu.networking.udp.TimerTest)" time="0.0" classname="edu.ccsu.networking.udp.TimerTest"/>
  <testcase name="testGetTimeOutInterval on testGetTimeOutInterval(edu.ccsu.networking.udp.TimerTest)" time="0.0" classname="edu.ccsu.networking.udp.TimerTest"/>
  <testcase name="testGetSampleRTT2 on testGetSampleRTT2(edu.ccsu.networking.udp.TimerTest)" time="0.0" classname="edu.ccsu.networking.udp.TimerTest"/>
  <testcase name="testGetSampleRTT3 on testGetSampleRTT3(edu.ccsu.networking.udp.TimerTest)" time="0.0" classname="edu.ccsu.networking.udp.TimerTest"/>
  <testcase name="testGetDevRTT2 on testGetDevRTT2(edu.ccsu.networking.udp.TimerTest)" time="0.0" classname="edu.ccsu.networking.udp.TimerTest"/>
  <testcase name="testSetEstimatedRTT2 on testSetEstimatedRTT2(edu.ccsu.networking.udp.TimerTest)" time="0.001" classname="edu.ccsu.networking.udp.TimerTest"/>
  <testcase name="testUpdateDevRTT2 on testUpdateDevRTT2(edu.ccsu.networking.udp.TimerTest)" time="0.0" classname="edu.ccsu.networking.udp.TimerTest"/>
  <testcase name="testStartTimer on testStartTimer(edu.ccsu.networking.udp.TimerTest)" time="0.001" classname="edu.ccsu.networking.udp.TimerTest"/>
  <testcase name="testGetSampleRTT on testGetSampleRTT(edu.ccsu.networking.udp.TimerTest)" time="0.0" classname="edu.ccsu.networking.udp.TimerTest">
    <failure type="java.lang.AssertionError" message="expected:&amp;lt;2000&amp;gt; but was:&amp;lt;900&amp;gt;">
      <![CDATA[java.lang.AssertionError: expected:<2000> but was:<900>
	at org.junit.Assert.fail(Assert.java:88)
	at org.junit.Assert.failNotEquals(Assert.java:834)
	at org.junit.Assert.assertEquals(Assert.java:645)
	at org.junit.Assert.assertEquals(Assert.java:631)
	at edu.ccsu.networking.udp.TimerTest.testGetSampleRTT(TimerTest.java:168)
	at org.junit.runners.model.FrameworkMethod$1.runReflectiveCall(FrameworkMethod.java:50)
	at org.junit.internal.runners.model.ReflectiveCallable.run(ReflectiveCallable.java:12)
	at org.junit.runners.model.FrameworkMethod.invokeExplosively(FrameworkMethod.java:47)
	at org.junit.internal.runners.statements.InvokeMethod.evaluate(InvokeMethod.java:17)
	at org.junit.internal.runners.statements.RunBefores.evaluate(RunBefores.java:26)
	at org.junit.internal.runners.statements.RunAfters.evaluate(RunAfters.java:27)
	at org.junit.runners.ParentRunner.runLeaf(ParentRunner.java:325)
	at org.junit.runners.BlockJUnit4ClassRunner.runChild(BlockJUnit4ClassRunner.java:78)
	at org.junit.runners.BlockJUnit4ClassRunner.runChild(BlockJUnit4ClassRunner.java:57)
	at org.junit.runners.ParentRunner$3.run(ParentRunner.java:290)
	at org.junit.runners.ParentRunner$1.schedule(ParentRunner.java:71)
	at org.junit.runners.ParentRunner.runChildren(ParentRunner.java:288)
	at org.junit.runners.ParentRunner.access$000(ParentRunner.java:58)
	at org.junit.runners.ParentRunner$2.evaluate(ParentRunner.java:268)
	at org.junit.internal.runners.statements.RunBefores.evaluate(RunBefores.java:26)
	at org.junit.internal.runners.statements.RunAfters.evaluate(RunAfters.java:27)
	at org.junit.runners.ParentRunner.run(ParentRunner.java:363)
	at org.junit.runner.JUnitCore.run(JUnitCore.java:137)
	at org.junit.runner.JUnitCore.run(JUnitCore.java:115)
... Removed 21 stack frames]]>
    </failure>
  </testcase> <!-- testGetSampleRTT on testGetSampleRTT(edu.ccsu.networking.udp.TimerTest) -->
</testsuite> <!-- edu.ccsu.networking.udp.TimerTest -->
